2016-05-11 15:51:12 Workerman[start.php] Stopping ...
2016-05-11 15:51:12 Workerman[start.php] has been stopped
2016-05-11 15:51:20 Workerman[start.php] start in DEBUG mode
2016-05-11 15:56:06 Workerman[start.php] Stopping ...
2016-05-11 15:56:07 Workerman[start.php] has been stopped
2016-05-11 15:56:15 Workerman[start.php] start in DEBUG mode
2016-05-11 15:59:46 Workerman[start.php] Stopping ...
2016-05-11 15:59:47 Workerman[start.php] has been stopped
2016-05-11 15:59:49 Workerman[start.php] start in DEBUG mode
2016-05-11 16:04:01 Workerman[start.php] Stopping ...
2016-05-11 16:04:01 Workerman[start.php] has been stopped
2016-05-11 16:04:02 Workerman[start.php] start in DEBUG mode
2016-05-11 16:10:41 Workerman[start.php] Stopping ...
2016-05-11 16:10:41 Workerman[start.php] has been stopped
2016-05-11 16:11:39 Workerman[start.php] start in DEBUG mode
2016-05-11 16:12:11 Workerman[start.php] Stopping ...
2016-05-11 16:12:11 Workerman[start.php] has been stopped
2016-05-11 16:12:12 Workerman[start.php] start in DEBUG mode
2016-05-11 16:14:09 Workerman[start.php] Stopping ...
2016-05-11 16:14:09 Workerman[start.php] has been stopped
2016-05-11 16:23:27 Workerman[start.php] start in DEBUG mode
2016-05-11 16:28:11 Workerman[start.php] Stopping ...
2016-05-11 16:28:12 Workerman[start.php] has been stopped
2016-05-11 16:28:14 Workerman[start.php] start in DEBUG mode
2016-05-11 16:45:39 Workerman[start.php] Stopping ...
2016-05-11 16:45:40 Workerman[start.php] has been stopped
2016-05-11 16:45:43 Workerman[start.php] start in DEBUG mode
2016-05-11 17:08:15 Workerman[start.php] Stopping ...
2016-05-11 17:08:16 Workerman[start.php] has been stopped
2016-05-11 17:08:19 Workerman[start.php] start in DEBUG mode
2016-05-11 17:09:57 Workerman[start.php] Stopping ...
2016-05-11 17:09:57 Workerman[start.php] has been stopped
2016-05-11 17:10:00 Workerman[start.php] start in DEBUG mode
2016-05-11 17:11:04 Workerman[start.php] Stopping ...
2016-05-11 17:11:05 Workerman[start.php] has been stopped
2016-05-11 17:11:06 Workerman[start.php] start in DEBUG mode
2016-05-11 17:12:36 Workerman[start.php] Stopping ...
2016-05-11 17:12:36 Workerman[start.php] has been stopped
2016-05-11 17:12:39 Workerman[start.php] start in DEBUG mode
2016-05-11 17:14:34 Workerman[start.php] Stopping ...
2016-05-11 17:14:35 Workerman[start.php] has been stopped
2016-05-11 17:14:36 Workerman[start.php] start in DEBUG mode
2016-05-11 17:17:33 Workerman[start.php] Stopping ...
2016-05-11 17:17:34 Workerman[start.php] has been stopped
2016-05-11 17:17:35 Workerman[start.php] start in DEBUG mode
2016-05-11 17:17:53 Workerman[start.php] Stopping ...
2016-05-11 17:17:53 Workerman[start.php] has been stopped
2016-05-11 17:18:15 Workerman[start.php] start in DEBUG mode
2016-05-11 17:19:51 Workerman[start.php] Stopping ...
2016-05-11 17:19:52 Workerman[start.php] has been stopped
2016-05-11 17:19:53 Workerman[start.php] start in DEBUG mode
2016-05-11 17:21:56 WORKER EXIT UNEXPECTED 
2016-05-11 17:21:57 worker[YourAppBusinessWorker:2066] exit with status 64000
2016-05-11 17:22:51 WORKER EXIT UNEXPECTED 
2016-05-11 17:22:51 worker[YourAppBusinessWorker:2065] exit with status 64000
2016-05-11 17:22:52 Workerman[start.php] Stopping ...
2016-05-11 17:22:52 Workerman[start.php] has been stopped
2016-05-11 17:23:18 Workerman[start.php] start in DEBUG mode
2016-05-11 17:24:07 WORKER EXIT UNEXPECTED 
2016-05-11 17:24:07 worker[YourAppBusinessWorker:2086] exit with status 64000
2016-05-11 17:24:11 Workerman[start.php] Stopping ...
2016-05-11 17:24:12 Workerman[start.php] has been stopped
2016-05-11 17:27:39 Workerman[start.php] start in DEBUG mode
2016-05-11 18:08:40 Workerman[start.php] Stopping ...
2016-05-11 18:08:40 Workerman[start.php] has been stopped
2016-05-11 18:08:56 Workerman[start.php] start in DEBUG mode
2016-05-11 18:12:57 Workerman[start.php] Stopping ...
2016-05-11 18:12:57 Workerman[start.php] has been stopped
2016-05-11 18:13:26 Workerman[start.php] start in DEBUG mode
2016-05-11 18:52:03 Workerman[start.php] Stopping ...
2016-05-11 18:52:03 Workerman[start.php] has been stopped
2016-05-11 18:52:08 Workerman[start.php] start in DEBUG mode
2016-05-11 19:20:19 Workerman[start.php] Stopping ...
2016-05-11 19:20:20 Workerman[start.php] has been stopped
2016-05-11 19:20:21 Workerman[start.php] start in DEBUG mode
2016-05-11 19:59:27 Workerman[start.php] Stopping ...
2016-05-11 19:59:27 Workerman[start.php] has been stopped
2016-05-11 19:59:30 Workerman[start.php] start in DEBUG mode
2016-05-11 20:04:12 Workerman[start.php] Stopping ...
2016-05-11 20:04:12 Workerman[start.php] has been stopped
2016-05-11 20:04:15 Workerman[start.php] start in DEBUG mode
2016-05-11 20:29:30 Workerman[start.php] Stopping ...
2016-05-11 20:29:31 Workerman[start.php] has been stopped
2016-05-11 20:29:35 Workerman[start.php] start in DEBUG mode
2016-05-11 20:35:43 Workerman[start.php] Stopping ...
2016-05-11 20:35:43 Workerman[start.php] has been stopped
2016-05-11 20:35:47 Workerman[start.php] start in DEBUG mode
2016-05-11 20:36:01 Workerman[start.php] Stopping ...
2016-05-11 20:36:01 Workerman[start.php] has been stopped
2016-05-11 20:36:03 Workerman[start.php] start in DEBUG mode
2016-05-11 20:39:00 Workerman[start.php] Stopping ...
2016-05-11 20:39:00 Workerman[start.php] has been stopped
2016-05-11 20:40:29 Workerman[start.php] start in DEBUG mode
2016-05-11 20:40:40 WORKER EXIT UNEXPECTED E_ERROR Access to undeclared static property: Events::$DEVICE_USE in /var/www/html/work/websocket/Applications/YourApp/Events.php on line 184
2016-05-11 20:40:40 worker[YourAppBusinessWorker:2347] exit with status 65280
2016-05-11 20:40:58 Workerman[start.php] Stopping ...
2016-05-11 20:40:58 Workerman[start.php] has been stopped
2016-05-11 20:41:02 Workerman[start.php] start in DEBUG mode
2016-05-11 20:41:58 Workerman[start.php] Stopping ...
2016-05-11 20:41:59 Workerman[start.php] has been stopped
2016-05-11 20:42:01 Workerman[start.php] start in DEBUG mode
2016-05-11 20:42:46 Workerman[start.php] Stopping ...
2016-05-11 20:42:47 Workerman[start.php] has been stopped
2016-05-11 20:42:49 Workerman[start.php] start in DEBUG mode
2016-05-11 20:44:05 Workerman[start.php] Stopping ...
2016-05-11 20:44:05 Workerman[start.php] has been stopped
2016-05-11 20:48:01 Workerman[start.php] start in DEBUG mode
2016-05-11 20:48:55 Workerman[start.php] Stopping ...
2016-05-11 20:48:56 Workerman[start.php] has been stopped
2016-05-11 20:53:29 Workerman[start.php] start in DEBUG mode
2016-05-11 20:54:35 Workerman[start.php] Stopping ...
2016-05-11 20:54:36 Workerman[start.php] has been stopped
2016-05-11 20:54:38 Workerman[start.php] start in DEBUG mode
2016-05-11 20:55:58 Workerman[start.php] Stopping ...
2016-05-11 20:55:58 Workerman[start.php] has been stopped
2016-05-11 20:56:01 Workerman[start.php] start in DEBUG mode
2016-05-11 20:56:34 WORKER EXIT UNEXPECTED 
2016-05-11 20:56:34 worker[YourAppBusinessWorker:2469] exit with status 64000
2016-05-11 20:56:40 Workerman[start.php] Stopping ...
2016-05-11 20:56:40 Workerman[start.php] has been stopped
2016-05-11 20:57:54 Workerman[start.php] start in DEBUG mode
2016-05-11 20:59:03 Workerman[start.php] Stopping ...
2016-05-11 20:59:04 Workerman[start.php] has been stopped
2016-05-11 21:00:00 Workerman[start.php] start in DEBUG mode
2016-05-11 21:01:23 Workerman[start.php] Stopping ...
2016-05-11 21:01:23 Workerman[start.php] has been stopped
2016-05-11 21:02:25 Workerman[start.php] start in DEBUG mode
2016-05-11 21:03:24 Workerman[start.php] Stopping ...
2016-05-11 21:03:24 Workerman[start.php] has been stopped
2016-05-11 21:06:59 Workerman[start.php] start in DEBUG mode
2016-05-11 21:17:44 Workerman[start.php] Stopping ...
2016-05-11 21:17:45 Workerman[start.php] has been stopped
2016-05-11 21:17:46 Workerman[start.php] start in DEBUG mode
2016-05-11 21:18:21 Workerman[start.php] Stopping ...
2016-05-11 21:18:21 Workerman[start.php] has been stopped
2016-05-11 21:18:24 Workerman[start.php] start in DEBUG mode
2016-05-11 21:19:01 Workerman[start.php] Stopping ...
2016-05-11 21:19:01 Workerman[start.php] has been stopped
2016-05-11 21:19:03 Workerman[start.php] start in DEBUG mode
2016-05-11 21:19:21 Workerman[start.php] Stopping ...
2016-05-11 21:19:22 Workerman[start.php] has been stopped
2016-05-11 21:20:10 Workerman[start.php] start in DEBUG mode
2016-05-11 21:27:43 Workerman[start.php] Stopping ...
2016-05-11 21:27:43 Workerman[start.php] has been stopped
2016-05-11 21:27:45 Workerman[start.php] start in DEBUG mode
2016-05-11 21:29:30 Workerman[start.php] Stopping ...
2016-05-11 21:29:31 Workerman[start.php] has been stopped
2016-05-11 21:29:32 Workerman[start.php] start in DEBUG mode
2016-05-11 21:29:49 Workerman[start.php] Stopping ...
2016-05-11 21:29:49 Workerman[start.php] has been stopped
2016-05-11 21:29:51 Workerman[start.php] start in DEBUG mode
2016-05-11 21:29:56 Workerman[start.php] Stopping ...
2016-05-11 21:29:56 Workerman[start.php] has been stopped
2016-05-11 21:29:58 Workerman[start.php] start in DEBUG mode
2016-05-11 21:30:02 Workerman[start.php] Stopping ...
2016-05-11 21:30:02 Workerman[start.php] has been stopped
2016-05-11 21:30:11 Workerman[start.php] start in DEBUG mode
2016-05-11 21:30:49 Workerman[start.php] Stopping ...
2016-05-11 21:30:49 Workerman[start.php] has been stopped
2016-05-11 21:37:41 Workerman[start.php] start in DEBUG mode
2016-05-11 21:39:52 Workerman[start.php] Stopping ...
2016-05-11 21:39:53 Workerman[start.php] has been stopped
2016-05-11 23:34:46 Workerman[start.php] start in DEBUG mode
2016-05-11 23:35:38 Workerman[start.php] Stopping ...
2016-05-11 23:35:38 Workerman[start.php] has been stopped
2016-05-11 23:35:42 Workerman[start.php] start in DEBUG mode
2016-05-11 23:37:50 Workerman[start.php] Stopping ...
2016-05-11 23:37:50 Workerman[start.php] has been stopped
2016-05-11 23:37:53 Workerman[start.php] start in DEBUG mode
2016-05-11 23:38:22 Workerman[start.php] Stopping ...
2016-05-11 23:38:22 Workerman[start.php] has been stopped
2016-05-11 23:44:49 Workerman[start.php] start in DEBUG mode
2016-05-11 23:45:19 Workerman[start.php] Stopping ...
2016-05-11 23:45:20 Workerman[start.php] has been stopped
2016-05-11 23:45:22 Workerman[start.php] start in DEBUG mode
2016-05-11 23:48:13 Workerman[start.php] Stopping ...
2016-05-11 23:48:13 Workerman[start.php] has been stopped
2016-05-11 23:48:15 Workerman[start.php] start in DEBUG mode
2016-05-11 23:49:43 Workerman[start.php] Stopping ...
2016-05-11 23:49:43 Workerman[start.php] has been stopped
2016-05-11 23:49:45 Workerman[start.php] start in DEBUG mode
2016-05-11 23:52:38 Workerman[start.php] Stopping ...
2016-05-11 23:52:38 Workerman[start.php] has been stopped
2016-05-12 09:22:19 Workerman[start.php] start in DEBUG mode
2016-05-12 09:22:58 Workerman[start.php] Stopping ...
2016-05-12 09:22:58 Workerman[start.php] has been stopped
2016-05-12 09:23:01 Workerman[start.php] start in DEBUG mode
2016-05-12 09:24:13 Workerman[start.php] Stopping ...
2016-05-12 09:24:13 Workerman[start.php] has been stopped
2016-05-12 09:24:15 Workerman[start.php] start in DEBUG mode
2016-05-12 09:24:44 Workerman[start.php] Stopping ...
2016-05-12 09:24:44 Workerman[start.php] has been stopped
2016-05-12 09:25:17 Workerman[start.php] start in DEBUG mode
2016-05-12 09:25:44 Workerman[start.php] Stopping ...
2016-05-12 09:25:45 Workerman[start.php] has been stopped
2016-05-12 09:25:55 Workerman[start.php] start in DEBUG mode
2016-05-12 09:38:16 Workerman[start.php] Stopping ...
2016-05-12 09:38:17 Workerman[start.php] has been stopped
2016-05-12 09:39:09 Workerman[start.php] start in DEBUG mode
2016-05-12 09:43:57 Workerman[start.php] Stopping ...
2016-05-12 09:43:57 Workerman[start.php] has been stopped
2016-05-12 09:43:59 Workerman[start.php] start in DEBUG mode
2016-05-12 09:47:11 Workerman[start.php] Stopping ...
2016-05-12 09:47:11 Workerman[start.php] has been stopped
2016-05-12 09:47:41 Workerman[start.php] start in DEBUG mode
2016-05-12 09:49:20 Workerman[start.php] Stopping ...
2016-05-12 09:49:20 Workerman[start.php] has been stopped
2016-05-12 09:49:26 Workerman[start.php] start in DEBUG mode
2016-05-12 09:55:39 Workerman[start.php] Stopping ...
2016-05-12 09:55:39 Workerman[start.php] has been stopped
2016-05-12 09:55:41 Workerman[start.php] start in DEBUG mode
2016-05-12 11:19:15 Workerman[start.php] Stopping ...
2016-05-12 11:19:16 Workerman[start.php] has been stopped
2016-05-12 11:36:10 Workerman[start.php] start in DEBUG mode
2016-05-12 11:46:50 Workerman[start.php] Stopping ...
2016-05-12 11:46:51 Workerman[start.php] has been stopped
2016-05-16 22:10:50 Workerman[start.php] start in DEBUG mode
2016-05-16 22:54:56 Workerman[start.php] Stopping ...
2016-05-16 22:54:56 Workerman[start.php] has been stopped
2016-05-17 10:03:21 Workerman[start.php] start in DEBUG mode
2016-05-17 10:22:56 Workerman[start.php] Stopping ...
2016-05-17 10:22:56 Workerman[start.php] has been stopped
2016-05-17 10:23:13 Workerman[start.php] start in DEBUG mode
2016-05-17 10:28:41 Workerman[start.php] Stopping ...
2016-05-17 10:28:42 Workerman[start.php] has been stopped
2016-05-17 10:34:37 Workerman[start.php] start in DEBUG mode
2016-05-17 10:41:07 Workerman[start.php] Stopping ...
2016-05-17 10:41:07 Workerman[start.php] has been stopped
2016-05-17 10:41:35 Workerman[start.php] start in DEBUG mode
2016-05-17 11:25:15 Workerman[start.php] Stopping ...
2016-05-17 11:25:15 Workerman[start.php] has been stopped
2016-05-17 20:58:45 Workerman[start.php] start in DAEMON mode
2016-05-17 22:11:17 Workerman[start.php] status 
2016-05-17 22:18:04 Workerman[start.php] stop 
2016-05-17 22:18:04 Workerman[start.php] is stoping ...
2016-05-17 22:18:04 Workerman[start.php] Stopping ...
2016-05-17 22:18:04 Workerman[start.php] has been stopped
2016-05-17 22:18:04 Workerman[start.php] stop success
2016-05-18 11:38:04 Workerman[start.php] start in DAEMON mode
2016-05-26 17:51:01 Workerman[start.php] start in DAEMON mode
2016-05-26 18:50:22 Workerman[start.php] stop 
2016-05-26 18:50:22 Workerman[start.php] is stoping ...
2016-05-26 18:50:22 Workerman[start.php] Stopping ...
2016-05-26 18:50:22 Workerman[start.php] has been stopped
2016-05-26 18:50:22 Workerman[start.php] stop success
